
ROM used: 508 (6%)
          508 (6%) including unused fragments

          1 Average locations per line
          5 Average locations per statement

RAM used: 23 (6%) at main() level
          24 (7%) worst case

Stack used: 2 worst case (out of 8 total available)

Lines Stmts  %   Files
----- ----- ---  -----
  151   104 100  CRON.c
  326     0   0  C:\Program Files\PICC\devices\16F877a.h
----- -----
  477   104 Total

Page ROM  %  RAM   Vol Diff  Functions:
---- --- --- ---   --- ----  ----------
0     20   4   1             @delay_us1
0     14   3   0             @const66
0     11   2   0    68  2.7  ext_isr
0    416  82   7  3601  6.9  MAIN

Program metrics:
    Functions               2
    Statements              104
    Comments                75
    Volume (V)              3786
    Difficilty (D)          10.2
    Effort to implement (E) 38704
    Time to implement (T)   36 minutes
    Est Delivered Bugs (B)  0
    Cyclomatic Complexity   9
    Maintainability (MI)    64

 Segment     Used  Free
-----------  ----  ----
00000-00003     4  0  
00004-0002E    43  0  
0002F-007FF   461  1540  
00800-00FFF     0  2048  
01000-017FF     0  2048  
01800-01FFF     0  2048  



